0 info it worked if it ends with ok
1 verbose cli [ 'C:\\Program Files\\nodejs\\node.exe',
1 verbose cli   'C:\\Program Files\\nodejs\\node_modules\\npm\\bin\\npm-cli.js',
1 verbose cli   'publish' ]
2 info using npm@4.1.2
3 info using node@v7.5.0
4 verbose publish [ '.' ]
5 silly cache add args [ '.', null ]
6 verbose cache add spec .
7 silly cache add parsed spec Result {
7 silly cache add   raw: '.',
7 silly cache add   scope: null,
7 silly cache add   escapedName: null,
7 silly cache add   name: null,
7 silly cache add   rawSpec: '.',
7 silly cache add   spec: 'E:\\GitHub\\md-nep',
7 silly cache add   type: 'directory' }
8 verbose addLocalDirectory C:\Users\wangle\AppData\Roaming\npm-cache\md-nep\1.0.0\package.tgz not in flight; packing
9 verbose correctMkdir C:\Users\wangle\AppData\Roaming\npm-cache correctMkdir not in flight; initializing
10 info lifecycle md-nep@1.0.0~prepublish: md-nep@1.0.0
11 silly lifecycle md-nep@1.0.0~prepublish: no script for prepublish, continuing
12 info lifecycle md-nep@1.0.0~prepare: md-nep@1.0.0
13 silly lifecycle md-nep@1.0.0~prepare: no script for prepare, continuing
14 verbose tar pack [ 'C:\\Users\\wangle\\AppData\\Roaming\\npm-cache\\md-nep\\1.0.0\\package.tgz',
14 verbose tar pack   'E:\\GitHub\\md-nep' ]
15 verbose tarball C:\Users\wangle\AppData\Roaming\npm-cache\md-nep\1.0.0\package.tgz
16 verbose folder E:\GitHub\md-nep
17 verbose addLocalTarball adding from inside cache C:\Users\wangle\AppData\Roaming\npm-cache\md-nep\1.0.0\package.tgz
18 verbose correctMkdir C:\Users\wangle\AppData\Roaming\npm-cache correctMkdir not in flight; initializing
19 silly cache afterAdd md-nep@1.0.0
20 verbose afterAdd C:\Users\wangle\AppData\Roaming\npm-cache\md-nep\1.0.0\package\package.json not in flight; writing
21 verbose correctMkdir C:\Users\wangle\AppData\Roaming\npm-cache correctMkdir not in flight; initializing
22 verbose afterAdd C:\Users\wangle\AppData\Roaming\npm-cache\md-nep\1.0.0\package\package.json written
23 silly publish { name: 'md-nep',
23 silly publish   version: '1.0.0',
23 silly publish   description: '',
23 silly publish   main: 'index.js',
23 silly publish   scripts: { test: 'echo "Error: no test specified" && exit 1' },
23 silly publish   author: { name: 'zhangwei' },
23 silly publish   license: 'ISC',
23 silly publish   readme: 'ERROR: No README data found!',
23 silly publish   _id: 'md-nep@1.0.0',
23 silly publish   _shasum: '1779a2128959e51924fc098f1e89502e9c70aaaf',
23 silly publish   _from: '.' }
24 info lifecycle md-nep@1.0.0~prepublishOnly: md-nep@1.0.0
25 silly lifecycle md-nep@1.0.0~prepublishOnly: no script for prepublishOnly, continuing
26 verbose getPublishConfig undefined
27 silly mapToRegistry name md-nep
28 silly mapToRegistry using default registry
29 silly mapToRegistry registry https://registry.npm.taobao.org/
30 silly mapToRegistry data Result {
30 silly mapToRegistry   raw: 'md-nep',
30 silly mapToRegistry   scope: null,
30 silly mapToRegistry   escapedName: 'md-nep',
30 silly mapToRegistry   name: 'md-nep',
30 silly mapToRegistry   rawSpec: '',
30 silly mapToRegistry   spec: 'latest',
30 silly mapToRegistry   type: 'tag' }
31 silly mapToRegistry uri https://registry.npm.taobao.org/md-nep
32 verbose publish registryBase https://registry.npm.taobao.org/
33 silly publish uploading C:\Users\wangle\AppData\Roaming\npm-cache\md-nep\1.0.0\package.tgz
34 verbose request uri https://registry.npm.taobao.org/md-nep
35 verbose request sending authorization for write operation
36 info attempt registry request try #1 at 17:18:53
37 verbose request id 6db81a266548b415
38 http request PUT https://registry.npm.taobao.org/md-nep
39 http 403 https://registry.npm.taobao.org/md-nep
40 verbose headers { date: 'Wed, 19 Apr 2017 09:19:11 GMT',
40 verbose headers   'content-type': 'application/json; charset=utf-8',
40 verbose headers   'content-length': '87',
40 verbose headers   connection: 'keep-alive',
40 verbose headers   'x-current-requests': '1',
40 verbose headers   'x-readtime': '13' }
41 verbose request invalidating C:\Users\wangle\AppData\Roaming\npm-cache\registry.npm.taobao.org\md-nep on PUT
42 error publish Failed PUT 403
43 verbose stack Error: no_perms Private mode enable, only admin can publish this module: md-nep
43 verbose stack     at makeError (C:\Program Files\nodejs\node_modules\npm\node_modules\npm-registry-client\lib\request.js:304:12)
43 verbose stack     at CachingRegistryClient.<anonymous> (C:\Program Files\nodejs\node_modules\npm\node_modules\npm-registry-client\lib\request.js:292:14)
43 verbose stack     at Request._callback (C:\Program Files\nodejs\node_modules\npm\node_modules\npm-registry-client\lib\request.js:212:14)
43 verbose stack     at Request.self.callback (C:\Program Files\nodejs\node_modules\npm\node_modules\request\request.js:186:22)
43 verbose stack     at emitTwo (events.js:106:13)
43 verbose stack     at Request.emit (events.js:192:7)
43 verbose stack     at Request.<anonymous> (C:\Program Files\nodejs\node_modules\npm\node_modules\request\request.js:1081:10)
43 verbose stack     at emitOne (events.js:96:13)
43 verbose stack     at Request.emit (events.js:189:7)
43 verbose stack     at IncomingMessage.<anonymous> (C:\Program Files\nodejs\node_modules\npm\node_modules\request\request.js:1001:12)
44 verbose statusCode 403
45 verbose pkgid md-nep
46 verbose cwd E:\GitHub\md-nep
47 error Windows_NT 10.0.14393
48 error argv "C:\\Program Files\\nodejs\\node.exe" "C:\\Program Files\\nodejs\\node_modules\\npm\\bin\\npm-cli.js" "publish"
49 error node v7.5.0
50 error npm  v4.1.2
51 error code E403
52 error no_perms Private mode enable, only admin can publish this module: md-nep
53 error If you need help, you may report this error at:
53 error     <https://github.com/npm/npm/issues>
54 verbose exit [ 1, true ]
